#
# A fatal error has been detected by the Java Runtime Environment:
#
#  EXCEPTION_ACCESS_VIOLATION (0xc0000005) at pc=0x000001c0a0e5edd0, pid=4224, tid=16600
#
# JRE version: OpenJDK Runtime Environment Corretto-17.0.13.11.1 (17.0.13+11) (build 17.0.13+11-LTS)
# Java VM: OpenJDK 64-Bit Server VM Corretto-17.0.13.11.1 (17.0.13+11-LTS, mixed mode, sharing, tiered, compressed oops, compressed class ptrs, g1 gc, windows-amd64)
# Problematic frame:
# j  java.lang.String.charAt(I)C+4 java.base@17.0.13
#
# No core dump will be written. Minidumps are not enabled by default on client versions of Windows
#
# If you would like to submit a bug report, please visit:
#   https://github.com/corretto/corretto-17/issues/
#

---------------  S U M M A R Y ------------

Command Line: -Dmaven.multiModuleProjectDirectory=C:\Users\Ja\IdeaProjects\tutorials\persistence-modules\RestHateoas -Djansi.passthrough=true -Dmaven.home=C:\Users\Ja\.m2\wrapper\dists\apache-maven-3.9.9-bin\4nf9hui3q3djbarqar9g711ggc\apache-maven-3.9.9 -Dclassworlds.conf=C:\Users\Ja\.m2\wrapper\dists\apache-maven-3.9.9-bin\4nf9hui3q3djbarqar9g711ggc\apache-maven-3.9.9\bin\m2.conf -Dmaven.ext.class.path=C:\Program Files\JetBrains\IntelliJ IDEA 2024.2.1\plugins\maven\lib\maven-event-listener.jar -Dfile.encoding=UTF-8 org.codehaus.classworlds.Launcher -Didea.version=2024.2.1 -DskipTests=true install

Host: Intel(R) Core(TM) i7-4820K CPU @ 3.70GHz, 8 cores, 31G,  Windows 10 , 64 bit Build 19041 (10.0.19041.4957)
Time: Sun Oct 27 18:46:49 2024  Windows 10 , 64 bit Build 19041 (10.0.19041.4957) elapsed time: 4.883500 seconds (0d 0h 0m 4s)

---------------  T H R E A D  ---------------

Current thread (0x000001c0905de620):  JavaThread "main" [_thread_in_Java, id=16600, stack(0x0000009646800000,0x0000009646900000)]

Stack: [0x0000009646800000,0x0000009646900000],  sp=0x00000096468fc3f8,  free space=1008k
Native frames: (J=compiled Java code, j=interpreted, Vv=VM code, C=native code)
C  0x000001c0a0e5edd0

The last pc belongs to nofast_getfield (printed below).

siginfo: EXCEPTION_ACCESS_VIOLATION (0xc0000005), reading address 0x00000000ffffffff


Registers:
RAX=0x0000000084400000, RBX=0x0000000000000014, RCX=0x000001c0bf4245c0, RDX=0x0000000000000004
RSP=0x00000096468fc3f8, RBP=0x00000096468fc440, RSI=0x000001c106101750, RDI=0x000001c105fb0630
R8 =0x000001c090504c80, R9 =0x00000000ffffffff, R10=0x00007ffbd18c46d0, R11=0x00000096468fc3a0
R12=0x0000000000000000, R13=0x000001c0bfb1ae41, R14=0x00000096468fc458, R15=0x000001c0905de620
RIP=0x000001c0a0e5edd0, EFLAGS=0x0000000000010246


Register to memory mapping:

RIP=0x000001c0a0e5edd0 is at code_begin+272 in an Interpreter codelet
nofast_getfield  234 nofast_getfield  [0x000001c0a0e5ecc0, 0x000001c0a0e5eec0]  512 bytes
RAX=0x0000000084400000 is an unknown value
RBX=0x0000000000000014 is an unknown value
RCX=0x000001c0bf4245c0 is pointing into metadata
RDX=0x0000000000000004 is an unknown value
RSP=0x00000096468fc3f8 is pointing into the stack for thread: 0x000001c0905de620
RBP=0x00000096468fc440 is pointing into the stack for thread: 0x000001c0905de620
RSI=0x000001c106101750 points into unknown readable memory: 0x3fe3b595395a5b22 | 22 5b 5a 39 95 b5 e3 3f
RDI=0x000001c105fb0630 points into unknown readable memory: 0x00000038000000c0 | c0 00 00 00 38 00 00 00
R8 =0x000001c090504c80 points into unknown readable memory: 0x000001c090500d50 | 50 0d 50 90 c0 01 00 00
R9 =0x00000000ffffffff is an unknown value
R10=0x00007ffbd18c46d0 jvm.dll
R11=0x00000096468fc3a0 is pointing into the stack for thread: 0x000001c0905de620
R12=0x0 is NULL
R13=0x000001c0bfb1ae41 is pointing into metadata
R14=0x00000096468fc458 is pointing into the stack for thread: 0x000001c0905de620
R15=0x000001c0905de620 is a thread


Top of Stack: (sp=0x00000096468fc3f8)
0x00000096468fc3f8:   00000096468fc3f8 000001c0bfb1ae34
0x00000096468fc408:   00000096468fc458 000001c0bf4245c0
0x00000096468fc418:   000001c10100d900 0000000600c00b50
0x00000096468fc428:   000001c0bf427060 0000000000000000
0x00000096468fc438:   00000096468fc450 00000096468fc4a8
0x00000096468fc448:   000001c0a0e49634 deaddeaf00000025
0x00000096468fc458:   00000000ffffffff 00000096468fc460
0x00000096468fc468:   000001c0bf9dc751 00000096468fc4e8
0x00000096468fc478:   000001c0bf349798 000001c1012103b8
0x00000096468fc488:   0000000600f457f0 000001c0bf3496a8
0x00000096468fc498:   00000096468fc450 00000096468fc4f0
0x00000096468fc4a8:   00000096468fcb30 000001c099be0534
0x00000096468fc4b8:   0000000000000000 deaddeaf906a1000
0x00000096468fc4c8:   deaddeaf0000001f deaddeaf00000065
0x00000096468fc4d8:   deaddeaf00000025 00000000ffffffff
0x00000096468fc4e8:   0000000600dcc870 000001c090368c90
0x00000096468fc4f8:   000001c0905deb00 000001c0905deb10
0x00000096468fc508:   000001c0905deee8 00000000000003d8
0x00000096468fc518:   000001c0905de8d8 000001c105fb0630
0x00000096468fc528:   00007ffbe73c5ccf 000001c0bf4500c8
0x00000096468fc538:   000001c0bf4500c8 000001c0905def38
0x00000096468fc548:   00007ffbd14be026 0000000000000000
0x00000096468fc558:   000001c0bf00e9f0 0000000000000000
0x00000096468fc568:   000001c0905c4520 000001c0bf00e9f0
0x00000096468fc578:   0000000000000000 000001c0bf456868
0x00000096468fc588:   00007ffbd10891d2 0063002d00640065
0x00000096468fc598:   002d00650072006f 000001c0bf4500c8
0x00000096468fc5a8:   000001c0bf4500c8 000000061651cd28
0x00000096468fc5b8:   0000000100000068 000001c0bf79be39
0x00000096468fc5c8:   00007ffbd1274701 00000096468fc640
0x00000096468fc5d8:   00007ffbd105eea6 00000096468fc908
0x00000096468fc5e8:   00000096468fc8f0 000001c000000001 

Instructions: (pc=0x000001c0a0e5edd0)
0x000001c0a0e5ecd0:   fb 11 04 24 eb 14 48 83 ec 10 48 89 04 24 48 c7
0x000001c0a0e5ece0:   44 24 08 00 00 00 00 eb 01 50 41 0f b7 55 01 48
0x000001c0a0e5ecf0:   8b 4d d0 c1 e2 02 8b 5c d1 20 c1 eb 10 81 e3 ff
0x000001c0a0e5ed00:   00 00 00 81 fb b4 00 00 00 0f 84 b6 00 00 00 bb
0x000001c0a0e5ed10:   b4 00 00 00 e8 05 00 00 00 e9 9b 00 00 00 48 8b
0x000001c0a0e5ed20:   d3 48 8d 44 24 08 4c 89 6d c0 49 8b cf c5 f8 77
0x000001c0a0e5ed30:   49 89 af a8 02 00 00 49 89 87 98 02 00 00 48 83
0x000001c0a0e5ed40:   ec 20 f7 c4 0f 00 00 00 0f 84 1a 00 00 00 48 83
0x000001c0a0e5ed50:   ec 08 49 ba 90 6e 09 d1 fb 7f 00 00 41 ff d2 48
0x000001c0a0e5ed60:   83 c4 08 e9 0d 00 00 00 49 ba 90 6e 09 d1 fb 7f
0x000001c0a0e5ed70:   00 00 41 ff d2 48 83 c4 20 49 c7 87 98 02 00 00
0x000001c0a0e5ed80:   00 00 00 00 49 c7 87 a8 02 00 00 00 00 00 00 49
0x000001c0a0e5ed90:   c7 87 a0 02 00 00 00 00 00 00 c5 f8 77 49 81 7f
0x000001c0a0e5eda0:   08 00 00 00 00 0f 84 05 00 00 00 e9 50 21 fe ff
0x000001c0a0e5edb0:   4c 8b 6d c0 4c 8b 75 c8 c3 41 0f b7 55 01 48 8b
0x000001c0a0e5edc0:   4d d0 c1 e2 02 48 8b 5c d1 30 8b 44 d1 38 41 59
0x000001c0a0e5edd0:   49 3b 01 c1 e8 1c 83 e0 0f 0f 85 0b 00 00 00 41
0x000001c0a0e5ede0:   0f be 04 19 50 e9 b5 00 00 00 83 f8 01 0f 85 0b
0x000001c0a0e5edf0:   00 00 00 41 0f b6 04 19 50 e9 a1 00 00 00 83 f8
0x000001c0a0e5ee00:   08 0f 85 0e 00 00 00 41 8b 04 19 48 c1 e0 03 50
0x000001c0a0e5ee10:   e9 8a 00 00 00 83 f8 04 0f 85 0a 00 00 00 41 8b
0x000001c0a0e5ee20:   04 19 50 e9 77 00 00 00 83 f8 02 0f 85 0b 00 00
0x000001c0a0e5ee30:   00 41 0f b7 04 19 50 e9 63 00 00 00 83 f8 03 0f
0x000001c0a0e5ee40:   85 0b 00 00 00 41 0f bf 04 19 50 e9 4f 00 00 00
0x000001c0a0e5ee50:   83 f8 05 0f 85 1a 00 00 00 49 8b 04 19 48 83 ec
0x000001c0a0e5ee60:   10 48 89 04 24 48 c7 44 24 08 00 00 00 00 e9 2c
0x000001c0a0e5ee70:   00 00 00 83 f8 06 0f 85 14 00 00 00 c4 c1 7a 10
0x000001c0a0e5ee80:   04 19 48 83 ec 08 c5 fa 11 04 24 e9 0f 00 00 00
0x000001c0a0e5ee90:   c4 c1 7b 10 04 19 48 83 ec 10 c5 fb 11 04 24 41
0x000001c0a0e5eea0:   0f b6 5d 03 49 83 c5 03 49 ba d0 4e 8c d1 fb 7f
0x000001c0a0e5eeb0:   00 00 41 ff 24 da 66 90 00 00 00 00 00 00 00 00
0x000001c0a0e5eec0:   00 34 63 d1 fb 7f 00 00 e0 05 00 00 eb 00 00 00 


Stack slot to memory mapping:
stack at sp + 0 slots: 0x00000096468fc3f8 is pointing into the stack for thread: 0x000001c0905de620
stack at sp + 1 slots: 0x000001c0bfb1ae34 is pointing into metadata
stack at sp + 2 slots: 0x00000096468fc458 is pointing into the stack for thread: 0x000001c0905de620
stack at sp + 3 slots: 0x000001c0bf4245c0 is pointing into metadata
stack at sp + 4 slots: 0x000001c10100d900 is pointing into metadata
stack at sp + 5 slots: 0x0000000600c00b50 is an oop: java.lang.Class 
{0x0000000600c00b50} - klass: 'java/lang/Class'
 - ---- fields (total size 17 words):
 - private volatile transient 'classRedefinedCount' 'I' @12  0
 - private volatile transient 'cachedConstructor' 'Ljava/lang/reflect/Constructor;' @40  NULL (0)
 - private transient 'name' 'Ljava/lang/String;' @44  "java.lang.String"{0x0000000600c04a70} (c018094e)
 - private transient 'module' 'Ljava/lang/Module;' @48  a 'java/lang/Module'{0x0000000600c05138} (c0180a27)
 - private final 'classLoader' 'Ljava/lang/ClassLoader;' @52  NULL (0)
 - private transient 'classData' 'Ljava/lang/Object;' @56  NULL (0)
 - private transient 'packageName' 'Ljava/lang/String;' @60  "java.lang"{0x0000000600c01d50} (c01803aa)
 - private final 'componentType' 'Ljava/lang/Class;' @64  NULL (0)
 - private volatile transient 'reflectionData' 'Ljava/lang/ref/SoftReference;' @68  NULL (0)
 - private volatile transient 'genericInfo' 'Lsun/reflect/generics/repository/ClassRepository;' @72  NULL (0)
 - private volatile transient 'enumConstants' '[Ljava/lang/Object;' @76  NULL (0)
 - private volatile transient 'enumConstantDirectory' 'Ljava/util/Map;' @80  NULL (0)
 - private volatile transient 'annotationData' 'Ljava/lang/Class$AnnotationData;' @84  NULL (0)
 - private volatile transient 'annotationType' 'Lsun/reflect/annotation/AnnotationType;' @88  NULL (0)
 - transient 'classValueMap' 'Ljava/lang/ClassValue$ClassValueMap;' @92  NULL (0)
 - signature: Ljava/lang/String;
 - fake entry for mirror: 'java/lang/String'
 - fake entry for array: 'java/lang/String'[]
 - fake entry for oop_size: 17
 - fake entry for static_oop_field_count: 2
 - private static final 'serialVersionUID' 'J' @120  -6849794470754667710 (7a3bb342 a0f0a438)
 - static final 'COMPACT_STRINGS' 'Z' @130  true
 - private static final 'serialPersistentFields' '[Ljava/io/ObjectStreamField;' @112  a 'java/io/ObjectStreamField'[0] {0x0000000600c04a60} (c018094c)
 - private static final 'REPL' 'C' @128    65533 (fffd)
 - public static final 'CASE_INSENSITIVE_ORDER' 'Ljava/util/Comparator;' @116  a 'java/lang/String$CaseInsensitiveComparator'{0x0000000600c04a50} (c018094a)
 - static final 'LATIN1' 'B' @131  0
 - static final 'UTF16' 'B' @132  1
stack at sp + 6 slots: {method} {0x000001c0bf427068} 'charAt' '(I)C' in 'java/lang/String'
stack at sp + 7 slots: 0x0 is NULL

nofast_getfield  234 nofast_getfield  [0x000001c0a0e5ecc0, 0x000001c0a0e5eec0]  512 bytes
[MachCode]
  0x000001c0a0e5ecc0: 4883 ec08 | c5fa 1104 | 24eb 1f48 | 83ec 10c5 | fb11 0424 | eb14 4883 | ec10 4889 | 0424 48c7 
  0x000001c0a0e5ece0: 4424 0800 | 0000 00eb | 0150 410f | b755 0148 | 8b4d d0c1 | e202 8b5c | d120 c1eb | 1081 e3ff 
  0x000001c0a0e5ed00: 0000 0081 | fbb4 0000 | 000f 84b6 | 0000 00bb | b400 0000 | e805 0000 | 00e9 9b00 | 0000 488b 
  0x000001c0a0e5ed20: d348 8d44 | 2408 4c89 | 6dc0 498b | cfc5 f877 | 4989 afa8 | 0200 0049 | 8987 9802 | 0000 4883 
  0x000001c0a0e5ed40: ec20 f7c4 | 0f00 0000 | 0f84 1a00 | 0000 4883 | ec08 49ba | 906e 09d1 | fb7f 0000 | 41ff d248 
  0x000001c0a0e5ed60: 83c4 08e9 | 0d00 0000 | 49ba 906e | 09d1 fb7f | 0000 41ff | d248 83c4 | 2049 c787 | 9802 0000 
  0x000001c0a0e5ed80: 0000 0000 | 49c7 87a8 | 0200 0000 | 0000 0049 | c787 a002 | 0000 0000 | 0000 c5f8 | 7749 817f 
  0x000001c0a0e5eda0: 0800 0000 | 000f 8405 | 0000 00e9 | 5021 feff | 4c8b 6dc0 | 4c8b 75c8 | c341 0fb7 | 5501 488b 
  0x000001c0a0e5edc0: 4dd0 c1e2 | 0248 8b5c | d130 8b44 | d138 4159 | 493b 01c1 | e81c 83e0 | 0f0f 850b | 0000 0041 
  0x000001c0a0e5ede0: 0fbe 0419 | 50e9 b500 | 0000 83f8 | 010f 850b | 0000 0041 | 0fb6 0419 | 50e9 a100 | 0000 83f8 
  0x000001c0a0e5ee00: 080f 850e | 0000 0041 | 8b04 1948 | c1e0 0350 | e98a 0000 | 0083 f804 | 0f85 0a00 | 0000 418b 
  0x000001c0a0e5ee20: 0419 50e9 | 7700 0000 | 83f8 020f | 850b 0000 | 0041 0fb7 | 0419 50e9 | 6300 0000 | 83f8 030f 
  0x000001c0a0e5ee40: 850b 0000 | 0041 0fbf | 0419 50e9 | 4f00 0000 | 83f8 050f | 851a 0000 | 0049 8b04 | 1948 83ec 
  0x000001c0a0e5ee60: 1048 8904 | 2448 c744 | 2408 0000 | 0000 e92c | 0000 0083 | f806 0f85 | 1400 0000 | c4c1 7a10 
  0x000001c0a0e5ee80: 0419 4883 | ec08 c5fa | 1104 24e9 | 0f00 0000 | c4c1 7b10 | 0419 4883 | ec10 c5fb | 1104 2441 
  0x000001c0a0e5eea0: 0fb6 5d03 | 4983 c503 | 49ba d04e | 8cd1 fb7f | 0000 41ff | 24da 6690 | 0000 0000 | 0000 0000 
[/MachCode]

---------------  P R O C E S S  ---------------

Threads class SMR info:
_java_thread_list=0x000001c105a2f760, length=15, elements={
0x000001c0905de620, 0x000001c0bc555260, 0x000001c0bc555ff0, 0x000001c0bc566d00,
0x000001c0bc5677d0, 0x000001c0bc56a0b0, 0x000001c0bc56a980, 0x000001c0bc56eb30,
0x000001c0bc598520, 0x000001c0bc5a8630, 0x000001c1001a1770, 0x000001c1001a4310,
0x000001c100299a20, 0x000001c100b30150, 0x000001c10575c750
}

Java Threads: ( => current thread )
=>0x000001c0905de620 JavaThread "main" [_thread_in_Java, id=16600, stack(0x0000009646800000,0x0000009646900000)]
  0x000001c0bc555260 JavaThread "Reference Handler" daemon [_thread_blocked, id=10044, stack(0x0000009646f00000,0x0000009647000000)]
  0x000001c0bc555ff0 JavaThread "Finalizer" daemon [_thread_blocked, id=18740, stack(0x0000009647000000,0x0000009647100000)]
  0x000001c0bc566d00 JavaThread "Signal Dispatcher" daemon [_thread_blocked, id=9868, stack(0x0000009647100000,0x0000009647200000)]
  0x000001c0bc5677d0 JavaThread "Attach Listener" daemon [_thread_blocked, id=9540, stack(0x0000009647200000,0x0000009647300000)]
  0x000001c0bc56a0b0 JavaThread "Service Thread" daemon [_thread_blocked, id=16728, stack(0x0000009647300000,0x0000009647400000)]
  0x000001c0bc56a980 JavaThread "Monitor Deflation Thread" daemon [_thread_blocked, id=10376, stack(0x0000009647400000,0x0000009647500000)]
  0x000001c0bc56eb30 JavaThread "C2 CompilerThread0" daemon [_thread_in_native, id=10420, stack(0x0000009647500000,0x0000009647600000)]
  0x000001c0bc598520 JavaThread "C1 CompilerThread0" daemon [_thread_blocked, id=4780, stack(0x0000009647600000,0x0000009647700000)]
  0x000001c0bc5a8630 JavaThread "Sweeper thread" daemon [_thread_blocked, id=13616, stack(0x0000009647700000,0x0000009647800000)]
  0x000001c1001a1770 JavaThread "Notification Thread" daemon [_thread_blocked, id=16676, stack(0x0000009647800000,0x0000009647900000)]
  0x000001c1001a4310 JavaThread "Common-Cleaner" daemon [_thread_blocked, id=5812, stack(0x0000009647a00000,0x0000009647b00000)]
  0x000001c100299a20 JavaThread "C2 CompilerThread1" daemon [_thread_blocked, id=11888, stack(0x0000009647b00000,0x0000009647c00000)]
  0x000001c100b30150 JavaThread "C2 CompilerThread2" daemon [_thread_blocked, id=13684, stack(0x0000009647c00000,0x0000009647d00000)]
  0x000001c10575c750 JavaThread "Thread-1" daemon [_thread_blocked, id=9132, stack(0x0000009648400000,0x0000009648500000)]

Other Threads:
  0x000001c0bc54fcb0 VMThread "VM Thread" [stack: 0x0000009646e00000,0x0000009646f00000] [id=8716]
  0x000001c1001a4070 WatcherThread [stack: 0x0000009647900000,0x0000009647a00000] [id=19428]
  0x000001c09068dfe0 GCTaskThread "GC Thread#0" [stack: 0x0000009646900000,0x0000009646a00000] [id=13636]
  0x000001c105191b20 GCTaskThread "GC Thread#1" [stack: 0x0000009647d00000,0x0000009647e00000] [id=2580]
  0x000001c1051915a0 GCTaskThread "GC Thread#2" [stack: 0x0000009647e00000,0x0000009647f00000] [id=17048]
  0x000001c105191860 GCTaskThread "GC Thread#3" [stack: 0x0000009647f00000,0x0000009648000000] [id=18788]
  0x000001c105193120 GCTaskThread "GC Thread#4" [stack: 0x0000009648000000,0x0000009648100000] [id=11352]
  0x000001c105192620 GCTaskThread "GC Thread#5" [stack: 0x0000009648100000,0x0000009648200000] [id=18980]
  0x000001c105191de0 GCTaskThread "GC Thread#6" [stack: 0x0000009648200000,0x0000009648300000] [id=9260]
  0x000001c1051920a0 GCTaskThread "GC Thread#7" [stack: 0x0000009648300000,0x0000009648400000] [id=19076]
  0x000001c0bc3b0080 ConcurrentGCThread "G1 Main Marker" [stack: 0x0000009646a00000,0x0000009646b00000] [id=18900]
  0x000001c0bc3b1050 ConcurrentGCThread "G1 Conc#0" [stack: 0x0000009646b00000,0x0000009646c00000] [id=3144]
  0x000001c0bc484c20 ConcurrentGCThread "G1 Refine#0" [stack: 0x0000009646c00000,0x0000009646d00000] [id=8868]
  0x000001c0bc485560 ConcurrentGCThread "G1 Service" [stack: 0x0000009646d00000,0x0000009646e00000] [id=7132]

Threads with active compile tasks:
C2 CompilerThread0     4926 5234       4       jdk.internal.org.objectweb.asm.Frame::execute (2305 bytes)

VM state: not at safepoint (normal execution)

VM Mutex/Monitor currently owned by a thread: None

Heap address: 0x0000000600c00000, size: 8180 MB, Compressed Oops mode: Zero based, Oop shift amount: 3

CDS archive(s) mapped at: [0x000001c0bf000000-0x000001c0bfbb0000-0x000001c0bfbb0000), size 12255232, SharedBaseAddress: 0x000001c0bf000000, ArchiveRelocationMode: 1.
Compressed class space mapped at: 0x000001c0c0000000-0x000001c100000000, reserved size: 1073741824
Narrow klass base: 0x000001c0bf000000, Narrow klass shift: 0, Narrow klass range: 0x100000000

GC Precious Log:
 CPUs: 8 total, 8 available
 Memory: 32706M
 Large Page Support: Disabled
 NUMA Support: Disabled
 Compressed Oops: Enabled (Zero based)
 Heap Region Size: 4M
 Heap Min Capacity: 8M
 Heap Initial Capacity: 512M
 Heap Max Capacity: 8180M
 Pre-touch: Disabled
 Parallel Workers: 8
 Concurrent Workers: 2
 Concurrent Refinement Workers: 8
 Periodic GC: Disabled

Heap:
 garbage-first heap   total 524288K, used 177232K [0x0000000600c00000, 0x0000000800000000)
  region size 4096K, 44 young (180224K), 2 survivors (8192K)
 Metaspace       used 19904K, committed 20160K, reserved 1114112K
  class space    used 2264K, committed 2432K, reserved 1048576K

Heap Regions: E=young(eden), S=young(survivor), O=old, HS=humongous(starts), HC=humongous(continues), CS=collection set, F=free, OA=open archive, CA=closed archive, TAMS=top-at-mark-start (previous, next)
|   0|0x0000000600c00000, 0x0000000600f61200, 0x0000000601000000| 84%| O|  |TAMS 0x0000000600c00000, 0x0000000600c00000| Untracked 
|   1|0x0000000601000000, 0x0000000601000000, 0x0000000601400000|  0%| F|  |TAMS 0x0000000601000000, 0x0000000601000000| Untracked 
|   2|0x0000000601400000, 0x0000000601400000, 0x0000000601800000|  0%| F|  |TAMS 0x0000000601400000, 0x0000000601400000| Untracked 
|   3|0x0000000601800000, 0x0000000601800000, 0x0000000601c00000|  0%| F|  |TAMS 0x0000000601800000, 0x0000000601800000| Untracked 
|   4|0x0000000601c00000, 0x0000000601c00000, 0x0000000602000000|  0%| F|  |TAMS 0x0000000601c00000, 0x0000000601c00000| Untracked 
|   5|0x0000000602000000, 0x0000000602000000, 0x0000000602400000|  0%| F|  |TAMS 0x0000000602000000, 0x0000000602000000| Untracked 
|   6|0x0000000602400000, 0x0000000602400000, 0x0000000602800000|  0%| F|  |TAMS 0x0000000602400000, 0x0000000602400000| Untracked 
|   7|0x0000000602800000, 0x0000000602800000, 0x0000000602c00000|  0%| F|  |TAMS 0x0000000602800000, 0x0000000602800000| Untracked 
|   8|0x0000000602c00000, 0x0000000602c00000, 0x0000000603000000|  0%| F|  |TAMS 0x0000000602c00000, 0x0000000602c00000| Untracked 
|   9|0x0000000603000000, 0x0000000603000000, 0x0000000603400000|  0%| F|  |TAMS 0x0000000603000000, 0x0000000603000000| Untracked 
|  10|0x0000000603400000, 0x0000000603400000, 0x0000000603800000|  0%| F|  |TAMS 0x0000000603400000, 0x0000000603400000| Untracked 
|  11|0x0000000603800000, 0x0000000603800000, 0x0000000603c00000|  0%| F|  |TAMS 0x0000000603800000, 0x0000000603800000| Untracked 
|  12|0x0000000603c00000, 0x0000000603c00000, 0x0000000604000000|  0%| F|  |TAMS 0x0000000603c00000, 0x0000000603c00000| Untracked 
|  13|0x0000000604000000, 0x0000000604000000, 0x0000000604400000|  0%| F|  |TAMS 0x0000000604000000, 0x0000000604000000| Untracked 
|  14|0x0000000604400000, 0x0000000604400000, 0x0000000604800000|  0%| F|  |TAMS 0x0000000604400000, 0x0000000604400000| Untracked 
|  15|0x0000000604800000, 0x0000000604800000, 0x0000000604c00000|  0%| F|  |TAMS 0x0000000604800000, 0x0000000604800000| Untracked 
|  16|0x0000000604c00000, 0x0000000604c00000, 0x0000000605000000|  0%| F|  |TAMS 0x0000000604c00000, 0x0000000604c00000| Untracked 
|  17|0x0000000605000000, 0x0000000605000000, 0x0000000605400000|  0%| F|  |TAMS 0x0000000605000000, 0x0000000605000000| Untracked 
|  18|0x0000000605400000, 0x0000000605400000, 0x0000000605800000|  0%| F|  |TAMS 0x0000000605400000, 0x0000000605400000| Untracked 
|  19|0x0000000605800000, 0x0000000605800000, 0x0000000605c00000|  0%| F|  |TAMS 0x0000000605800000, 0x0000000605800000| Untracked 
|  20|0x0000000605c00000, 0x0000000605c00000, 0x0000000606000000|  0%| F|  |TAMS 0x0000000605c00000, 0x0000000605c00000| Untracked 
|  21|0x0000000606000000, 0x0000000606000000, 0x0000000606400000|  0%| F|  |TAMS 0x0000000606000000, 0x0000000606000000| Untracked 
|  22|0x0000000606400000, 0x0000000606400000, 0x0000000606800000|  0%| F|  |TAMS 0x0000000606400000, 0x0000000606400000| Untracked 
|  23|0x0000000606800000, 0x0000000606800000, 0x0000000606c00000|  0%| F|  |TAMS 0x0000000606800000, 0x0000000606800000| Untracked 
|  24|0x0000000606c00000, 0x0000000606c00000, 0x0000000607000000|  0%| F|  |TAMS 0x0000000606c00000, 0x0000000606c00000| Untracked 
|  25|0x0000000607000000, 0x0000000607000000, 0x0000000607400000|  0%| F|  |TAMS 0x0000000607000000, 0x0000000607000000| Untracked 
|  26|0x0000000607400000, 0x0000000607400000, 0x0000000607800000|  0%| F|  |TAMS 0x0000000607400000, 0x0000000607400000| Untracked 
|  27|0x0000000607800000, 0x0000000607800000, 0x0000000607c00000|  0%| F|  |TAMS 0x0000000607800000, 0x0000000607800000| Untracked 
|  28|0x0000000607c00000, 0x0000000607c00000, 0x0000000608000000|  0%| F|  |TAMS 0x0000000607c00000, 0x0000000607c00000| Untracked 
|  29|0x0000000608000000, 0x0000000608000000, 0x0000000608400000|  0%| F|  |TAMS 0x0000000608000000, 0x0000000608000000| Untracked 
|  30|0x0000000608400000, 0x0000000608400000, 0x0000000608800000|  0%| F|  |TAMS 0x0000000608400000, 0x0000000608400000| Untracked 
|  31|0x0000000608800000, 0x0000000608800000, 0x0000000608c00000|  0%| F|  |TAMS 0x0000000608800000, 0x0000000608800000| Untracked 
|  32|0x0000000608c00000, 0x0000000608c00000, 0x0000000609000000|  0%| F|  |TAMS 0x0000000608c00000, 0x0000000608c00000| Untracked 
|  33|0x0000000609000000, 0x0000000609000000, 0x0000000609400000|  0%| F|  |TAMS 0x0000000609000000, 0x0000000609000000| Untracked 
|  34|0x0000000609400000, 0x0000000609400000, 0x0000000609800000|  0%| F|  |TAMS 0x0000000609400000, 0x0000000609400000| Untracked 
|  35|0x0000000609800000, 0x0000000609800000, 0x0000000609c00000|  0%| F|  |TAMS 0x0000000609800000, 0x0000000609800000| Untracked 
|  36|0x0000000609c00000, 0x0000000609c00000, 0x000000060a000000|  0%| F|  |TAMS 0x0000000609c00000, 0x0000000609c00000| Untracked 
|  37|0x000000060a000000, 0x000000060a000000, 0x000000060a400000|  0%| F|  |TAMS 0x000000060a000000, 0x000000060a000000| Untracked 
|  38|0x000000060a400000, 0x000000060a400000, 0x000000060a800000|  0%| F|  |TAMS 0x000000060a400000, 0x000000060a400000| Untracked 
|  39|0x000000060a800000, 0x000000060a800000, 0x000000060ac00000|  0%| F|  |TAMS 0x000000060a800000, 0x000000060a800000| Untracked 
|  40|0x000000060ac00000, 0x000000060ac00000, 0x000000060b000000|  0%| F|  |TAMS 0x000000060ac00000, 0x000000060ac00000| Untracked 
|  41|0x000000060b000000, 0x000000060b000000, 0x000000060b400000|  0%| F|  |TAMS 0x000000060b000000, 0x000000060b000000| Untracked 
|  42|0x000000060b400000, 0x000000060b400000, 0x000000060b800000|  0%| F|  |TAMS 0x000000060b400000, 0x000000060b400000| Untracked 
|  43|0x000000060b800000, 0x000000060b800000, 0x000000060bc00000|  0%| F|  |TAMS 0x000000060b800000, 0x000000060b800000| Untracked 
|  44|0x000000060bc00000, 0x000000060bc00000, 0x000000060c000000|  0%| F|  |TAMS 0x000000060bc00000, 0x000000060bc00000| Untracked 
|  45|0x000000060c000000, 0x000000060c000000, 0x000000060c400000|  0%| F|  |TAMS 0x000000060c000000, 0x000000060c000000| Untracked 
|  46|0x000000060c400000, 0x000000060c400000, 0x000000060c800000|  0%| F|  |TAMS 0x000000060c400000, 0x000000060c400000| Untracked 
|  47|0x000000060c800000, 0x000000060c800000, 0x000000060cc00000|  0%| F|  |TAMS 0x000000060c800000, 0x000000060c800000| Untracked 
|  48|0x000000060cc00000, 0x000000060cc00000, 0x000000060d000000|  0%| F|  |TAMS 0x000000060cc00000, 0x000000060cc00000| Untracked 
|  49|0x000000060d000000, 0x000000060d000000, 0x000000060d400000|  0%| F|  |TAMS 0x000000060d000000, 0x000000060d000000| Untracked 
|  50|0x000000060d400000, 0x000000060d400000, 0x000000060d800000|  0%| F|  |TAMS 0x000000060d400000, 0x000000060d400000| Untracked 
|  51|0x000000060d800000, 0x000000060d800000, 0x000000060dc00000|  0%| F|  |TAMS 0x000000060d800000, 0x000000060d800000| Untracked 
|  52|0x000000060dc00000, 0x000000060dc00000, 0x000000060e000000|  0%| F|  |TAMS 0x000000060dc00000, 0x000000060dc00000| Untracked 
|  53|0x000000060e000000, 0x000000060e000000, 0x000000060e400000|  0%| F|  |TAMS 0x000000060e000000, 0x000000060e000000| Untracked 
|  54|0x000000060e400000, 0x000000060e400000, 0x000000060e800000|  0%| F|  |TAMS 0x000000060e400000, 0x000000060e400000| Untracked 
|  55|0x000000060e800000, 0x000000060e800000, 0x000000060ec00000|  0%| F|  |TAMS 0x000000060e800000, 0x000000060e800000| Untracked 
|  56|0x000000060ec00000, 0x000000060ec00000, 0x000000060f000000|  0%| F|  |TAMS 0x000000060ec00000, 0x000000060ec00000| Untracked 
|  57|0x000000060f000000, 0x000000060f000000, 0x000000060f400000|  0%| F|  |TAMS 0x000000060f000000, 0x000000060f000000| Untracked 
|  58|0x000000060f400000, 0x000000060f400000, 0x000000060f800000|  0%| F|  |TAMS 0x000000060f400000, 0x000000060f400000| Untracked 
|  59|0x000000060f800000, 0x000000060f800000, 0x000000060fc00000|  0%| F|  |TAMS 0x000000060f800000, 0x000000060f800000| Untracked 
|  60|0x000000060fc00000, 0x000000060fc00000, 0x0000000610000000|  0%| F|  |TAMS 0x000000060fc00000, 0x000000060fc00000| Untracked 
|  61|0x0000000610000000, 0x0000000610000000, 0x0000000610400000|  0%| F|  |TAMS 0x0000000610000000, 0x0000000610000000| Untracked 
|  62|0x0000000610400000, 0x0000000610400000, 0x0000000610800000|  0%| F|  |TAMS 0x0000000610400000, 0x0000000610400000| Untracked 
|  63|0x0000000610800000, 0x0000000610800000, 0x0000000610c00000|  0%| F|  |TAMS 0x0000000610800000, 0x0000000610800000| Untracked 
|  64|0x0000000610c00000, 0x0000000610c00000, 0x0000000611000000|  0%| F|  |TAMS 0x0000000610c00000, 0x0000000610c00000| Untracked 
|  65|0x0000000611000000, 0x0000000611000000, 0x0000000611400000|  0%| F|  |TAMS 0x0000000611000000, 0x0000000611000000| Untracked 
|  66|0x0000000611400000, 0x0000000611400000, 0x0000000611800000|  0%| F|  |TAMS 0x0000000611400000, 0x0000000611400000| Untracked 
|  67|0x0000000611800000, 0x0000000611800000, 0x0000000611c00000|  0%| F|  |TAMS 0x0000000611800000, 0x0000000611800000| Untracked 
|  68|0x0000000611c00000, 0x0000000611c00000, 0x0000000612000000|  0%| F|  |TAMS 0x0000000611c00000, 0x0000000611c00000| Untracked 
|  69|0x0000000612000000, 0x0000000612000000, 0x0000000612400000|  0%| F|  |TAMS 0x0000000612000000, 0x0000000612000000| Untracked 
|  70|0x0000000612400000, 0x0000000612400000, 0x0000000612800000|  0%| F|  |TAMS 0x0000000612400000, 0x0000000612400000| Untracked 
|  71|0x0000000612800000, 0x0000000612800000, 0x0000000612c00000|  0%| F|  |TAMS 0x0000000612800000, 0x0000000612800000| Untracked 
|  72|0x0000000612c00000, 0x0000000612c00000, 0x0000000613000000|  0%| F|  |TAMS 0x0000000612c00000, 0x0000000612c00000| Untracked 
|  73|0x0000000613000000, 0x0000000613000000, 0x0000000613400000|  0%| F|  |TAMS 0x0000000613000000, 0x0000000613000000| Untracked 
|  74|0x0000000613400000, 0x0000000613400000, 0x0000000613800000|  0%| F|  |TAMS 0x0000000613400000, 0x0000000613400000| Untracked 
|  75|0x0000000613800000, 0x0000000613800000, 0x0000000613c00000|  0%| F|  |TAMS 0x0000000613800000, 0x0000000613800000| Untracked 
|  76|0x0000000613c00000, 0x0000000613c00000, 0x0000000614000000|  0%| F|  |TAMS 0x0000000613c00000, 0x0000000613c00000| Untracked 
|  77|0x0000000614000000, 0x0000000614000000, 0x0000000614400000|  0%| F|  |TAMS 0x0000000614000000, 0x0000000614000000| Untracked 
|  78|0x0000000614400000, 0x0000000614400000, 0x0000000614800000|  0%| F|  |TAMS 0x0000000614400000, 0x0000000614400000| Untracked 
|  79|0x0000000614800000, 0x0000000614800000, 0x0000000614c00000|  0%| F|  |TAMS 0x0000000614800000, 0x0000000614800000| Untracked 
|  80|0x0000000614c00000, 0x0000000614c00000, 0x0000000615000000|  0%| F|  |TAMS 0x0000000614c00000, 0x0000000614c00000| Untracked 
|  81|0x0000000615000000, 0x0000000615000000, 0x0000000615400000|  0%| F|  |TAMS 0x0000000615000000, 0x0000000615000000| Untracked 
|  82|0x0000000615400000, 0x0000000615400000, 0x0000000615800000|  0%| F|  |TAMS 0x0000000615400000, 0x0000000615400000| Untracked 
|  83|0x0000000615800000, 0x0000000615800000, 0x0000000615c00000|  0%| F|  |TAMS 0x0000000615800000, 0x0000000615800000| Untracked 
|  84|0x0000000615c00000, 0x0000000616000000, 0x0000000616000000|100%| E|  |TAMS 0x0000000615c00000, 0x0000000615c00000| Complete 
|  85|0x0000000616000000, 0x0000000616400000, 0x0000000616400000|100%| E|CS|TAMS 0x0000000616000000, 0x0000000616000000| Complete 
|  86|0x0000000616400000, 0x0000000616800000, 0x0000000616800000|100%| E|CS|TAMS 0x0000000616400000, 0x0000000616400000| Complete 
|  87|0x0000000616800000, 0x0000000616c00000, 0x0000000616c00000|100%| E|CS|TAMS 0x0000000616800000, 0x0000000616800000| Complete 
|  88|0x0000000616c00000, 0x0000000617000000, 0x0000000617000000|100%| E|CS|TAMS 0x0000000616c00000, 0x0000000616c00000| Complete 
|  89|0x0000000617000000, 0x0000000617400000, 0x0000000617400000|100%| E|CS|TAMS 0x0000000617000000, 0x0000000617000000| Complete 
|  90|0x0000000617400000, 0x0000000617800000, 0x0000000617800000|100%| E|CS|TAMS 0x0000000617400000, 0x0000000617400000| Complete 
|  91|0x0000000617800000, 0x0000000617c00000, 0x0000000617c00000|100%| E|CS|TAMS 0x0000000617800000, 0x0000000617800000| Complete 
|  92|0x0000000617c00000, 0x0000000618000000, 0x0000000618000000|100%| E|CS|TAMS 0x0000000617c00000, 0x0000000617c00000| Complete 
|  93|0x0000000618000000, 0x0000000618400000, 0x0000000618400000|100%| E|CS|TAMS 0x0000000618000000, 0x0000000618000000| Complete 
|  94|0x0000000618400000, 0x0000000618800000, 0x0000000618800000|100%| E|CS|TAMS 0x0000000618400000, 0x0000000618400000| Complete 
|  95|0x0000000618800000, 0x0000000618c00000, 0x0000000618c00000|100%| E|CS|TAMS 0x0000000618800000, 0x0000000618800000| Complete 
|  96|0x0000000618c00000, 0x0000000619000000, 0x0000000619000000|100%| E|CS|TAMS 0x0000000618c00000, 0x0000000618c00000| Complete 
|  97|0x0000000619000000, 0x0000000619400000, 0x0000000619400000|100%| E|CS|TAMS 0x0000000619000000, 0x0000000619000000| Complete 
|  98|0x0000000619400000, 0x0000000619800000, 0x0000000619800000|100%| E|CS|TAMS 0x0000000619400000, 0x0000000619400000| Complete 
|  99|0x0000000619800000, 0x0000000619c00000, 0x0000000619c00000|100%| E|CS|TAMS 0x0000000619800000, 0x0000000619800000| Complete 
| 100|0x0000000619c00000, 0x000000061a000000, 0x000000061a000000|100%| E|CS|TAMS 0x0000000619c00000, 0x0000000619c00000| Complete 
| 101|0x000000061a000000, 0x000000061a400000, 0x000000061a400000|100%| E|CS|TAMS 0x000000061a000000, 0x000000061a000000| Complete 
| 102|0x000000061a400000, 0x000000061a800000, 0x000000061a800000|100%| E|CS|TAMS 0x000000061a400000, 0x000000061a400000| Complete 
| 103|0x000000061a800000, 0x000000061ac00000, 0x000000061ac00000|100%| E|CS|TAMS 0x000000061a800000, 0x000000061a800000| Complete 
| 104|0x000000061ac00000, 0x000000061b000000, 0x000000061b000000|100%| E|CS|TAMS 0x000000061ac00000, 0x000000061ac00000| Complete 
| 105|0x000000061b000000, 0x000000061b400000, 0x000000061b400000|100%| E|CS|TAMS 0x000000061b000000, 0x000000061b000000| Complete 
| 106|0x000000061b400000, 0x000000061b800000, 0x000000061b800000|100%| E|CS|TAMS 0x000000061b400000, 0x000000061b400000| Complete 
| 107|0x000000061b800000, 0x000000061bc00000, 0x000000061bc00000|100%| E|CS|TAMS 0x000000061b800000, 0x000000061b800000| Complete 
| 108|0x000000061bc00000, 0x000000061c000000, 0x000000061c000000|100%| E|CS|TAMS 0x000000061bc00000, 0x000000061bc00000| Complete 
| 109|0x000000061c000000, 0x000000061c400000, 0x000000061c400000|100%| E|CS|TAMS 0x000000061c000000, 0x000000061c000000| Complete 
| 110|0x000000061c400000, 0x000000061c5b2e68, 0x000000061c800000| 42%| S|CS|TAMS 0x000000061c400000, 0x000000061c400000| Complete 
| 111|0x000000061c800000, 0x000000061cc00000, 0x000000061cc00000|100%| S|CS|TAMS 0x000000061c800000, 0x000000061c800000| Complete 
| 112|0x000000061cc00000, 0x000000061d000000, 0x000000061d000000|100%| E|CS|TAMS 0x000000061cc00000, 0x000000061cc00000| Complete 
| 113|0x000000061d000000, 0x000000061d400000, 0x000000061d400000|100%| E|CS|TAMS 0x000000061d000000, 0x000000061d000000| Complete 
| 114|0x000000061d400000, 0x000000061d800000, 0x000000061d800000|100%| E|CS|TAMS 0x000000061d400000, 0x000000061d400000| Complete 
| 115|0x000000061d800000, 0x000000061dc00000, 0x000000061dc00000|100%| E|CS|TAMS 0x000000061d800000, 0x000000061d800000| Complete 
| 116|0x000000061dc00000, 0x000000061e000000, 0x000000061e000000|100%| E|CS|TAMS 0x000000061dc00000, 0x000000061dc00000| Complete 
| 117|0x000000061e000000, 0x000000061e400000, 0x000000061e400000|100%| E|CS|TAMS 0x000000061e000000, 0x000000061e000000| Complete 
| 118|0x000000061e400000, 0x000000061e800000, 0x000000061e800000|100%| E|CS|TAMS 0x000000061e400000, 0x000000061e400000| Complete 
| 119|0x000000061e800000, 0x000000061ec00000, 0x000000061ec00000|100%| E|CS|TAMS 0x000000061e800000, 0x000000061e800000| Complete 
| 120|0x000000061ec00000, 0x000000061f000000, 0x000000061f000000|100%| E|CS|TAMS 0x000000061ec00000, 0x000000061ec00000| Complete 
| 121|0x000000061f000000, 0x000000061f400000, 0x000000061f400000|100%| E|CS|TAMS 0x000000061f000000, 0x000000061f000000| Complete 
| 122|0x000000061f400000, 0x000000061f800000, 0x000000061f800000|100%| E|CS|TAMS 0x000000061f400000, 0x000000061f400000| Complete 
| 123|0x000000061f800000, 0x000000061fc00000, 0x000000061fc00000|100%| E|CS|TAMS 0x000000061f800000, 0x000000061f800000| Complete 
| 124|0x000000061fc00000, 0x0000000620000000, 0x0000000620000000|100%| E|CS|TAMS 0x000000061fc00000, 0x000000061fc00000| Complete 
| 125|0x0000000620000000, 0x0000000620400000, 0x0000000620400000|100%| E|CS|TAMS 0x0000000620000000, 0x0000000620000000| Complete 
| 126|0x0000000620400000, 0x0000000620800000, 0x0000000620800000|100%| E|CS|TAMS 0x0000000620400000, 0x0000000620400000| Complete 
| 127|0x0000000620800000, 0x0000000620c00000, 0x0000000620c00000|100%| E|CS|TAMS 0x0000000620800000, 0x0000000620800000| Complete 

Card table byte_map: [0x000001c0aa380000,0x000001c0ab380000] _byte_map_base: 0x000001c0a737a000

Marking Bits (Prev, Next): (CMBitMap*) 0x000001c09068e510, (CMBitMap*) 0x000001c09068e550
 Prev Bits: [0x000001c0ac380000, 0x000001c0b4350000)
 Next Bits: [0x000001c0b4350000, 0x000001c0bc320000)

Polling page: 0x000001c0906a0000

Metaspace:

Usage:
  Non-class:     17.23 MB used.
      Class:      2.21 MB used.
       Both:     19.44 MB used.

Virtual space:
  Non-class space:       64.00 MB reserved,      17.31 MB ( 27%) committed,  1 nodes.
      Class space:        1.00 GB reserved,       2.38 MB ( <1%) committed,  1 nodes.
             Both:        1.06 GB reserved,      19.69 MB (  2%) committed. 

Chunk freelists:
   Non-Class:  14.69 MB
       Class:  13.56 MB
        Both:  28.25 MB

MaxMetaspaceSize: unlimited
CompressedClassSpaceSize: 1.00 GB
Initial GC threshold: 21.00 MB
Current GC threshold: 21.00 MB
CDS: on
MetaspaceReclaimPolicy: balanced
 - commit_granule_bytes: 65536.
 - commit_granule_words: 8192.
 - virtual_space_node_default_size: 8388608.
 - enlarge_chunks_in_place: 1.
 - new_chunks_are_fully_committed: 0.
 - uncommit_free_chunks: 1.
 - use_allocation_guard: 0.
 - handle_deallocations: 1.


Internal statistics:

num_allocs_failed_limit: 0.
num_arena_births: 126.
num_arena_deaths: 0.
num_vsnodes_births: 2.
num_vsnodes_deaths: 0.
num_space_committed: 315.
num_space_uncommitted: 0.
num_chunks_returned_to_freelist: 0.
num_chunks_taken_from_freelist: 845.
num_chunk_merges: 0.
num_chunk_splits: 562.
num_chunks_enlarged: 443.
num_inconsistent_stats: 0.

CodeHeap 'non-profiled nmethods': size=120000Kb used=2661Kb max_used=3013Kb free=117338Kb
 bounds [0x000001c0a13e0000, 0x000001c0a16f0000, 0x000001c0a8910000]
CodeHeap 'profiled nmethods': size=120000Kb used=9471Kb max_used=11178Kb free=110528Kb
 bounds [0x000001c099910000, 0x000001c09a400000, 0x000001c0a0e40000]
CodeHeap 'non-nmethods': size=5760Kb used=1190Kb max_used=1260Kb free=4569Kb
 bounds [0x000001c0a0e40000, 0x000001c0a10b0000, 0x000001c0a13e0000]
 total_blobs=5019 nmethods=4535 adapters=396
 compilation: enabled
              stopped_count=0, restarted_count=0
 full_count=0

Compilation events (20 events):
Event: 4.805 Thread 0x000001c0bc598520 5292       3       com.sun.tools.javac.file.CacheFSInfo::getAttributes (18 bytes)
Event: 4.806 Thread 0x000001c0bc598520 nmethod 5292 0x000001c099db4e90 code [0x000001c099db50a0, 0x000001c099db57d8]
Event: 4.806 Thread 0x000001c0bc598520 5293       3       com.sun.tools.javac.file.CacheFSInfo$$Lambda$229/0x000001c0c026ce90::<init> (10 bytes)
Event: 4.806 Thread 0x000001c0bc598520 nmethod 5293 0x000001c099e88210 code [0x000001c099e883a0, 0x000001c099e88558]
Event: 4.815 Thread 0x000001c0bc598520 5295   !   3       java.lang.String::<init> (840 bytes)
Event: 4.815 Thread 0x000001c100b30150 nmethod 5288 0x000001c0a15da390 code [0x000001c0a15da580, 0x000001c0a15dbf08]
Event: 4.815 Thread 0x000001c100b30150 5289       4       java.util.jar.Attributes$Name::hash (148 bytes)
Event: 4.818 Thread 0x000001c0bc598520 nmethod 5295 0x000001c099c53a10 code [0x000001c099c53f40, 0x000001c099c56a98]
Event: 4.820 Thread 0x000001c0bc598520 5296       3       java.util.zip.ZipFile::getEntryName (42 bytes)
Event: 4.821 Thread 0x000001c0bc598520 nmethod 5296 0x000001c099b90110 code [0x000001c099b902e0, 0x000001c099b90658]
Event: 4.821 Thread 0x000001c100299a20 nmethod 5263 0x000001c0a14f7e10 code [0x000001c0a14f8120, 0x000001c0a14fb118]
Event: 4.822 Thread 0x000001c100299a20 5294       4       java.util.Arrays::copyOf (19 bytes)
Event: 4.822 Thread 0x000001c100b30150 nmethod 5289 0x000001c0a15c8390 code [0x000001c0a15c8520, 0x000001c0a15c88f8]
Event: 4.824 Thread 0x000001c100299a20 nmethod 5294 0x000001c0a14f7810 code [0x000001c0a14f79a0, 0x000001c0a14f7c58]
Event: 4.876 Thread 0x000001c0bc598520 5297   !   3       java.util.jar.JarFile::getBytes (218 bytes)
Event: 4.877 Thread 0x000001c0bc598520 nmethod 5297 0x000001c09a319590 code [0x000001c09a319980, 0x000001c09a31b138]
Event: 4.879 Thread 0x000001c0bc598520 5298       3       sun.nio.fs.WindowsFileAttributes::isDirectory (25 bytes)
Event: 4.880 Thread 0x000001c0bc598520 nmethod 5298 0x000001c099b62110 code [0x000001c099b622c0, 0x000001c099b62538]
Event: 4.881 Thread 0x000001c0bc598520 5299       3       com.sun.tools.javac.file.CacheFSInfo::isFile (27 bytes)
Event: 4.882 Thread 0x000001c0bc598520 nmethod 5299 0x000001c099b56610 code [0x000001c099b56920, 0x000001c099b57d98]

GC Heap History (6 events):
Event: 0.611 GC heap before
{Heap before GC invocations=0 (full 0):
 garbage-first heap   total 524288K, used 24576K [0x0000000600c00000, 0x0000000800000000)
  region size 4096K, 6 young (24576K), 0 survivors (0K)
 Metaspace       used 5474K, committed 5632K, reserved 1114112K
  class space    used 660K, committed 768K, reserved 1048576K
}
Event: 0.615 GC heap after
{Heap after GC invocations=1 (full 0):
 garbage-first heap   total 524288K, used 3636K [0x0000000600c00000, 0x0000000800000000)
  region size 4096K, 1 young (4096K), 1 survivors (4096K)
 Metaspace       used 5474K, committed 5632K, reserved 1114112K
  class space    used 660K, committed 768K, reserved 1048576K
}
Event: 0.936 GC heap before
{Heap before GC invocations=1 (full 0):
 garbage-first heap   total 524288K, used 24116K [0x0000000600c00000, 0x0000000800000000)
  region size 4096K, 7 young (28672K), 1 survivors (4096K)
 Metaspace       used 8270K, committed 8448K, reserved 1114112K
  class space    used 1000K, committed 1088K, reserved 1048576K
}
Event: 0.939 GC heap after
{Heap after GC invocations=2 (full 0):
 garbage-first heap   total 524288K, used 4688K [0x0000000600c00000, 0x0000000800000000)
  region size 4096K, 1 young (4096K), 1 survivors (4096K)
 Metaspace       used 8270K, committed 8448K, reserved 1114112K
  class space    used 1000K, committed 1088K, reserved 1048576K
}
Event: 2.102 GC heap before
{Heap before GC invocations=2 (full 0):
 garbage-first heap   total 524288K, used 66128K [0x0000000600c00000, 0x0000000800000000)
  region size 4096K, 16 young (65536K), 1 survivors (4096K)
 Metaspace       used 15046K, committed 15232K, reserved 1114112K
  class space    used 1803K, committed 1920K, reserved 1048576K
}
Event: 2.107 GC heap after
{Heap after GC invocations=3 (full 0):
 garbage-first heap   total 524288K, used 9296K [0x0000000600c00000, 0x0000000800000000)
  region size 4096K, 2 young (8192K), 2 survivors (8192K)
 Metaspace       used 15046K, committed 15232K, reserved 1114112K
  class space    used 1803K, committed 1920K, reserved 1048576K
}

Dll operation events (8 events):
Event: 0.006 Loaded shared library C:\Users\Ja\.jdks\corretto-17.0.13\bin\java.dll
Event: 0.019 Loaded shared library C:\Users\Ja\.jdks\corretto-17.0.13\bin\jsvml.dll
Event: 0.053 Loaded shared library C:\Users\Ja\.jdks\corretto-17.0.13\bin\net.dll
Event: 0.055 Loaded shared library C:\Users\Ja\.jdks\corretto-17.0.13\bin\nio.dll
Event: 0.057 Loaded shared library C:\Users\Ja\.jdks\corretto-17.0.13\bin\zip.dll
Event: 0.143 Loaded shared library C:\Users\Ja\.jdks\corretto-17.0.13\bin\jimage.dll
Event: 0.179 Loaded shared library C:\Users\Ja\AppData\Local\Temp\jansi-2.4.1-1b315eadad6337b4-jansi.dll
Event: 0.188 Loaded shared library C:\Users\Ja\.jdks\corretto-17.0.13\bin\verify.dll

Deoptimization events (20 events):
Event: 4.737 Thread 0x000001c0905de620 DEOPT PACKING pc=0x000001c099beeb86 sp=0x00000096468fc6d0
Event: 4.737 Thread 0x000001c0905de620 DEOPT UNPACKING pc=0x000001c0a0e97143 sp=0x00000096468fbb60 mode 0
Event: 4.738 Thread 0x000001c0905de620 DEOPT PACKING pc=0x000001c099beeb86 sp=0x00000096468fc6d0
Event: 4.738 Thread 0x000001c0905de620 DEOPT UNPACKING pc=0x000001c0a0e97143 sp=0x00000096468fbb60 mode 0
Event: 4.738 Thread 0x000001c0905de620 DEOPT PACKING pc=0x000001c099beeb86 sp=0x00000096468fc6d0
Event: 4.738 Thread 0x000001c0905de620 DEOPT UNPACKING pc=0x000001c0a0e97143 sp=0x00000096468fbb60 mode 0
Event: 4.739 Thread 0x000001c0905de620 DEOPT PACKING pc=0x000001c099beeb86 sp=0x00000096468fc6d0
Event: 4.739 Thread 0x000001c0905de620 DEOPT UNPACKING pc=0x000001c0a0e97143 sp=0x00000096468fbb60 mode 0
Event: 4.739 Thread 0x000001c0905de620 DEOPT PACKING pc=0x000001c099beeb86 sp=0x00000096468fc6d0
Event: 4.739 Thread 0x000001c0905de620 DEOPT UNPACKING pc=0x000001c0a0e97143 sp=0x00000096468fbb60 mode 0
Event: 4.741 Thread 0x000001c0905de620 DEOPT PACKING pc=0x000001c099beeb86 sp=0x00000096468fc6d0
Event: 4.741 Thread 0x000001c0905de620 DEOPT UNPACKING pc=0x000001c0a0e97143 sp=0x00000096468fbb60 mode 0
Event: 4.812 Thread 0x000001c0905de620 Uncommon trap: trap_request=0xffffff45 fr.pc=0x000001c0a1445bc4 relative=0x0000000000000fa4
Event: 4.812 Thread 0x000001c0905de620 Uncommon trap: reason=unstable_if action=reinterpret pc=0x000001c0a1445bc4 method=java.lang.String.<init>([BIILjava/nio/charset/Charset;)V @ 18 c2
Event: 4.812 Thread 0x000001c0905de620 DEOPT PACKING pc=0x000001c0a1445bc4 sp=0x00000096468fc600
Event: 4.812 Thread 0x000001c0905de620 DEOPT UNPACKING pc=0x000001c0a0e969a3 sp=0x00000096468fc5c8 mode 2
Event: 4.882 Thread 0x000001c0905de620 Uncommon trap: trap_request=0xffffff45 fr.pc=0x000001c0a167af1c relative=0x00000000000012bc
Event: 4.882 Thread 0x000001c0905de620 Uncommon trap: reason=unstable_if action=reinterpret pc=0x000001c0a167af1c method=java.lang.String.charAt(I)C @ 4 c2
Event: 4.882 Thread 0x000001c0905de620 DEOPT PACKING pc=0x000001c0a167af1c sp=0x00000096468fc430
Event: 4.882 Thread 0x000001c0905de620 DEOPT UNPACKING pc=0x000001c0a0e969a3 sp=0x00000096468fc3c0 mode 2

Classes loaded (20 events):
Event: 4.671 Loading class java/nio/file/FileStore
Event: 4.672 Loading class java/nio/file/FileStore done
Event: 4.672 Loading class java/nio/channels/AsynchronousFileChannel
Event: 4.672 Loading class java/nio/channels/AsynchronousChannel
Event: 4.672 Loading class java/nio/channels/AsynchronousChannel done
Event: 4.672 Loading class java/nio/channels/AsynchronousFileChannel done
Event: 4.672 Loading class jdk/internal/jrtfs/JrtFileSystemProvider
Event: 4.672 Loading class jdk/internal/jrtfs/JrtFileSystemProvider done
Event: 4.673 Loading class sun/net/www/protocol/jrt/JavaRuntimeURLConnection
Event: 4.673 Loading class sun/net/www/protocol/jrt/JavaRuntimeURLConnection done
Event: 4.674 Loading class sun/net/www/protocol/jrt/JavaRuntimeURLConnection$1
Event: 4.674 Loading class sun/net/www/protocol/jrt/JavaRuntimeURLConnection$1 done
Event: 4.674 Loading class jdk/internal/jimage/ImageBufferCache
Event: 4.674 Loading class jdk/internal/jimage/ImageBufferCache done
Event: 4.674 Loading class jdk/internal/jimage/ImageBufferCache$1
Event: 4.674 Loading class jdk/internal/jimage/ImageBufferCache$1 done
Event: 4.674 Loading class jdk/internal/jimage/ImageBufferCache$2
Event: 4.674 Loading class jdk/internal/jimage/ImageBufferCache$2 done
Event: 4.674 Loading class java/util/AbstractMap$SimpleEntry
Event: 4.674 Loading class java/util/AbstractMap$SimpleEntry done

Classes unloaded (0 events):
No events

Classes redefined (0 events):
No events

Internal exceptions (20 events):
Event: 1.436 Thread 0x000001c0905de620 Exception <a 'java/lang/NoClassDefFoundError'{0x000000061f5ecaa0}: com/google/inject/servlet/ServletModuleTargetVisitor> (0x000000061f5ecaa0) 
thrown [s\src\hotspot\share\classfile\systemDictionary.cpp, line 245]
Event: 1.495 Thread 0x000001c0905de620 Exception <a 'java/lang/NoSuchMethodError'{0x000000061f075d18}: 'void java.lang.invoke.DirectMethodHandle$Holder.invokeVirtual(java.lang.Object, java.lang.Object)'> (0x000000061f075d18) 
thrown [s\src\hotspot\share\interpreter\linkResolver.cpp, line 759]
Event: 1.512 Thread 0x000001c0905de620 Exception <a 'java/lang/NoSuchMethodError'{0x000000061f0fd768}: 'java.lang.Object java.lang.invoke.DirectMethodHandle$Holder.invokeStaticInit(java.lang.Object, int, int, int, int)'> (0x000000061f0fd768) 
thrown [s\src\hotspot\share\interpreter\linkResolver.cpp, line 759]
Event: 1.623 Thread 0x000001c0905de620 Implicit null exception at 0x000001c0a1407672 to 0x000001c0a1407c14
Event: 1.623 Thread 0x000001c0905de620 Implicit null exception at 0x000001c0a1408272 to 0x000001c0a140882c
Event: 1.668 Thread 0x000001c0905de620 Exception <a 'java/lang/NoSuchMethodError'{0x000000061e46b3a0}: 'void java.lang.invoke.DirectMethodHandle$Holder.invokeSpecial(java.lang.Object, java.lang.Object, java.lang.Object, java.lang.Object, java.lang.Object)'> (0x000000061e46b3a0) 
thrown [s\src\hotspot\share\interpreter\linkResolver.cpp, line 759]
Event: 1.671 Thread 0x000001c0905de620 Exception <a 'java/lang/NoSuchMethodError'{0x000000061e48dda0}: 'java.lang.Object java.lang.invoke.DirectMethodHandle$Holder.invokeVirtual(java.lang.Object, java.lang.Object, java.lang.Object)'> (0x000000061e48dda0) 
thrown [s\src\hotspot\share\interpreter\linkResolver.cpp, line 759]
Event: 1.673 Thread 0x000001c0905de620 Exception <a 'java/lang/NoSuchMethodError'{0x000000061e49d000}: 'void java.lang.invoke.DirectMethodHandle$Holder.invokeSpecial(java.lang.Object, java.lang.Object, java.lang.Object, java.lang.Object, java.lang.Object, java.lang.Object)'> (0x000000061e49d000) 
thrown [s\src\hotspot\share\interpreter\linkResolver.cpp, line 759]
Event: 2.378 Thread 0x000001c0905de620 Implicit null exception at 0x000001c0a155caf6 to 0x000001c0a155d0dc
Event: 3.614 Thread 0x000001c0905de620 Implicit null exception at 0x000001c0a149b7ed to 0x000001c0a149b9c4
Event: 3.614 Thread 0x000001c0905de620 Implicit null exception at 0x000001c0a160016d to 0x000001c0a1600338
Event: 3.614 Thread 0x000001c0905de620 Implicit null exception at 0x000001c0a146970f to 0x000001c0a1469789
Event: 3.817 Thread 0x000001c0905de620 Implicit null exception at 0x000001c0a164a10f to 0x000001c0a164a17e
Event: 3.817 Thread 0x000001c0905de620 Exception <a 'java/lang/NoSuchMethodError'{0x00000006190889c8}: 'java.lang.Object java.lang.invoke.DirectMethodHandle$Holder.newInvokeSpecial(java.lang.Object, java.lang.Object, java.lang.Object, java.lang.Object, java.lang.Object, java.lang.Object, java.lang.Object)'> (0x00000006190889c8) 
thrown [s\src\hotspot\share\interpreter\linkResolver.cpp, line 759]
Event: 3.818 Thread 0x000001c0905de620 Exception <a 'java/lang/NoSuchMethodError'{0x000000061908d2d8}: 'java.lang.Object java.lang.invoke.Invokers$Holder.linkToTargetMethod(java.lang.Object, java.lang.Object, java.lang.Object, java.lang.Object, java.lang.Object, java.lang.Object, java.lang.Object)'> (0x000000061908d2d8) 
thrown [s\src\hotspot\share\interpreter\linkResolver.cpp, line 759]
Event: 3.819 Thread 0x000001c0905de620 Implicit null exception at 0x000001c0a162d2e8 to 0x000001c0a162df0c
Event: 4.126 Thread 0x000001c0905de620 Implicit null exception at 0x000001c0a1566ebb to 0x000001c0a15675ec
Event: 4.142 Thread 0x000001c0905de620 Exception <a 'java/lang/NoSuchMethodError'{0x0000000617e1b3c8}: 'int java.lang.invoke.DirectMethodHandle$Holder.invokeVirtual(java.lang.Object, java.lang.Object)'> (0x0000000617e1b3c8) 
thrown [s\src\hotspot\share\interpreter\linkResolver.cpp, line 759]
Event: 4.196 Thread 0x000001c0905de620 Implicit null exception at 0x000001c0a146dc58 to 0x000001c0a146dcee
Event: 4.666 Thread 0x000001c0905de620 Exception <a 'java/lang/NoSuchMethodError'{0x0000000616524bf8}: 'int java.lang.invoke.DirectMethodHandle$Holder.invokeInterface(java.lang.Object, java.lang.Object)'> (0x0000000616524bf8) 
thrown [s\src\hotspot\share\interpreter\linkResolver.cpp, line 759]

VM Operations (20 events):
Event: 3.823 Executing VM operation: ICBufferFull
Event: 3.823 Executing VM operation: ICBufferFull done
Event: 4.116 Executing VM operation: HandshakeAllThreads
Event: 4.116 Executing VM operation: HandshakeAllThreads done
Event: 4.116 Executing VM operation: HandshakeAllThreads
Event: 4.116 Executing VM operation: HandshakeAllThreads done
Event: 4.130 Executing VM operation: ICBufferFull
Event: 4.130 Executing VM operation: ICBufferFull done
Event: 4.299 Executing VM operation: HandshakeAllThreads
Event: 4.299 Executing VM operation: HandshakeAllThreads done
Event: 4.313 Executing VM operation: HandshakeAllThreads
Event: 4.313 Executing VM operation: HandshakeAllThreads done
Event: 4.329 Executing VM operation: HandshakeAllThreads
Event: 4.329 Executing VM operation: HandshakeAllThreads done
Event: 4.386 Executing VM operation: ICBufferFull
Event: 4.386 Executing VM operation: ICBufferFull done
Event: 4.611 Executing VM operation: HandshakeAllThreads
Event: 4.611 Executing VM operation: HandshakeAllThreads done
Event: 4.663 Executing VM operation: HandshakeAllThreads
Event: 4.663 Executing VM operation: HandshakeAllThreads done

Memory protections (0 events):
No events

Nmethod flushes (20 events):
Event: 4.338 Thread 0x000001c0bc5a8630 flushing  nmethod 0x000001c09a174c90
Event: 4.338 Thread 0x000001c0bc5a8630 flushing  nmethod 0x000001c09a179d10
Event: 4.338 Thread 0x000001c0bc5a8630 flushing  nmethod 0x000001c09a18b390
Event: 4.338 Thread 0x000001c0bc5a8630 flushing  nmethod 0x000001c09a1a9c90
Event: 4.338 Thread 0x000001c0bc5a8630 flushing  nmethod 0x000001c09a1ab190
Event: 4.338 Thread 0x000001c0bc5a8630 flushing  nmethod 0x000001c09a1e1690
Event: 4.338 Thread 0x000001c0bc5a8630 flushing  nmethod 0x000001c09a1ecf10
Event: 4.338 Thread 0x000001c0bc5a8630 flushing  nmethod 0x000001c09a20a710
Event: 4.338 Thread 0x000001c0bc5a8630 flushing  nmethod 0x000001c09a20cf90
Event: 4.338 Thread 0x000001c0bc5a8630 flushing  nmethod 0x000001c09a20ea10
Event: 4.339 Thread 0x000001c0bc5a8630 flushing  nmethod 0x000001c09a318c90
Event: 4.339 Thread 0x000001c0bc5a8630 flushing  nmethod 0x000001c09a319590
Event: 4.339 Thread 0x000001c0bc5a8630 flushing  nmethod 0x000001c09a31a610
Event: 4.339 Thread 0x000001c0bc5a8630 flushing  nmethod 0x000001c09a31ac90
Event: 4.339 Thread 0x000001c0bc5a8630 flushing  nmethod 0x000001c09a31cc10
Event: 4.339 Thread 0x000001c0bc5a8630 flushing  nmethod 0x000001c09a320910
Event: 4.339 Thread 0x000001c0bc5a8630 flushing  nmethod 0x000001c09a321a10
Event: 4.339 Thread 0x000001c0bc5a8630 flushing  nmethod 0x000001c09a322790
Event: 4.339 Thread 0x000001c0bc5a8630 flushing  nmethod 0x000001c09a323690
Event: 4.339 Thread 0x000001c0bc5a8630 flushing  nmethod 0x000001c09a324290

Events (17 events):
Event: 0.020 Thread 0x000001c0905de620 Thread added: 0x000001c0905de620
Event: 0.023 Thread 0x000001c0905de620 Thread added: 0x000001c0bc555260
Event: 0.023 Thread 0x000001c0905de620 Thread added: 0x000001c0bc555ff0
Event: 0.031 Thread 0x000001c0905de620 Thread added: 0x000001c0bc566d00
Event: 0.031 Thread 0x000001c0905de620 Thread added: 0x000001c0bc5677d0
Event: 0.031 Thread 0x000001c0905de620 Thread added: 0x000001c0bc56a0b0
Event: 0.031 Thread 0x000001c0905de620 Thread added: 0x000001c0bc56a980
Event: 0.031 Thread 0x000001c0905de620 Thread added: 0x000001c0bc56eb30
Event: 0.031 Thread 0x000001c0905de620 Thread added: 0x000001c0bc598520
Event: 0.032 Thread 0x000001c0905de620 Thread added: 0x000001c0bc5a8630
Event: 0.047 Thread 0x000001c0905de620 Thread added: 0x000001c1001a1770
Event: 0.050 Thread 0x000001c0905de620 Thread added: 0x000001c1001a4310
Event: 0.141 Thread 0x000001c0905de620 Thread added: 0x000001c1004beed0
Event: 0.152 Thread 0x000001c1004beed0 Thread exited: 0x000001c1004beed0
Event: 0.205 Thread 0x000001c0bc598520 Thread added: 0x000001c100299a20
Event: 0.583 Thread 0x000001c0bc598520 Thread added: 0x000001c100b30150
Event: 1.571 Thread 0x000001c0905de620 Thread added: 0x000001c10575c750


Dynamic libraries:
0x00007ff644950000 - 0x00007ff64495e000 	C:\Users\Ja\.jdks\corretto-17.0.13\bin\java.exe
0x00007ffc09950000 - 0x00007ffc09b48000 	C:\Windows\SYSTEM32\ntdll.dll
0x00007ffc07f40000 - 0x00007ffc08002000 	C:\Windows\System32\KERNEL32.DLL
0x00007ffc07400000 - 0x00007ffc076fe000 	C:\Windows\System32\KERNELBASE.dll
0x00007ffc07820000 - 0x00007ffc07920000 	C:\Windows\System32\ucrtbase.dll
0x00007ffbed940000 - 0x00007ffbed957000 	C:\Users\Ja\.jdks\corretto-17.0.13\bin\jli.dll
0x00007ffbef280000 - 0x00007ffbef29b000 	C:\Users\Ja\.jdks\corretto-17.0.13\bin\VCRUNTIME140.dll
0x00007ffc09710000 - 0x00007ffc098ad000 	C:\Windows\System32\USER32.dll
0x00007ffc07340000 - 0x00007ffc07362000 	C:\Windows\System32\win32u.dll
0x00007ffbeead0000 - 0x00007ffbeed6a000 	C:\Windows\WinSxS\amd64_microsoft.windows.common-controls_6595b64144ccf1df_6.0.19041.4355_none_60b8b9eb71f62e16\COMCTL32.dll
0x00007ffc07f10000 - 0x00007ffc07f3b000 	C:\Windows\System32\GDI32.dll
0x00007ffc08210000 - 0x00007ffc082ae000 	C:\Windows\System32\msvcrt.dll
0x00007ffc07700000 - 0x00007ffc07817000 	C:\Windows\System32\gdi32full.dll
0x00007ffc071f0000 - 0x00007ffc0728d000 	C:\Windows\System32\msvcp_win.dll
0x00007ffc07970000 - 0x00007ffc0799f000 	C:\Windows\System32\IMM32.DLL
0x00007ffc01420000 - 0x00007ffc0142c000 	C:\Users\Ja\.jdks\corretto-17.0.13\bin\vcruntime140_1.dll
0x00007ffbe3460000 - 0x00007ffbe34ed000 	C:\Users\Ja\.jdks\corretto-17.0.13\bin\msvcp140.dll
0x00007ffbd0d10000 - 0x00007ffbd197c000 	C:\Users\Ja\.jdks\corretto-17.0.13\bin\server\jvm.dll
0x00007ffc082b0000 - 0x00007ffc08362000 	C:\Windows\System32\ADVAPI32.dll
0x00007ffc08aa0000 - 0x00007ffc08b40000 	C:\Windows\System32\sechost.dll
0x00007ffc08880000 - 0x00007ffc089a3000 	C:\Windows\System32\RPCRT4.dll
0x00007ffc06ff0000 - 0x00007ffc07017000 	C:\Windows\System32\bcrypt.dll
0x00007ffc084b0000 - 0x00007ffc0851b000 	C:\Windows\System32\WS2_32.dll
0x00007ffc064f0000 - 0x00007ffc0653b000 	C:\Windows\SYSTEM32\POWRPROF.dll
0x00007ffbf5b90000 - 0x00007ffbf5bb7000 	C:\Windows\SYSTEM32\WINMM.dll
0x00007ffc00a50000 - 0x00007ffc00a5a000 	C:\Windows\SYSTEM32\VERSION.dll
0x00007ffc063b0000 - 0x00007ffc063c2000 	C:\Windows\SYSTEM32\UMPDC.dll
0x00007ffc04e50000 - 0x00007ffc04e62000 	C:\Windows\SYSTEM32\kernel.appcore.dll
0x00007ffbfbd40000 - 0x00007ffbfbd4a000 	C:\Users\Ja\.jdks\corretto-17.0.13\bin\jimage.dll
0x00007ffbf51f0000 - 0x00007ffbf53d4000 	C:\Windows\SYSTEM32\DBGHELP.DLL
0x00007ffbe5bc0000 - 0x00007ffbe5bf4000 	C:\Windows\SYSTEM32\dbgcore.DLL
0x00007ffc07370000 - 0x00007ffc073f2000 	C:\Windows\System32\bcryptPrimitives.dll
0x00007ffbe8650000 - 0x00007ffbe8675000 	C:\Users\Ja\.jdks\corretto-17.0.13\bin\java.dll
0x00007ffbe3380000 - 0x00007ffbe3457000 	C:\Users\Ja\.jdks\corretto-17.0.13\bin\jsvml.dll
0x00007ffc08df0000 - 0x00007ffc0955f000 	C:\Windows\System32\SHELL32.dll
0x00007ffc05050000 - 0x00007ffc057f4000 	C:\Windows\SYSTEM32\windows.storage.dll
0x00007ffc08520000 - 0x00007ffc08873000 	C:\Windows\System32\combase.dll
0x00007ffc06940000 - 0x00007ffc0696e000 	C:\Windows\SYSTEM32\Wldp.dll
0x00007ffc08140000 - 0x00007ffc0820d000 	C:\Windows\System32\OLEAUT32.dll
0x00007ffc08c80000 - 0x00007ffc08d2d000 	C:\Windows\System32\SHCORE.dll
0x00007ffc098b0000 - 0x00007ffc09905000 	C:\Windows\System32\shlwapi.dll
0x00007ffc06f20000 - 0x00007ffc06f44000 	C:\Windows\SYSTEM32\profapi.dll
0x00007ffbec7c0000 - 0x00007ffbec7d9000 	C:\Users\Ja\.jdks\corretto-17.0.13\bin\net.dll
0x00007ffc008f0000 - 0x00007ffc009fd000 	C:\Windows\SYSTEM32\WINHTTP.dll
0x00007ffc06720000 - 0x00007ffc0678a000 	C:\Windows\system32\mswsock.dll
0x00007ffbe73c0000 - 0x00007ffbe73d6000 	C:\Users\Ja\.jdks\corretto-17.0.13\bin\nio.dll
0x00007ffbe3240000 - 0x00007ffbe3258000 	C:\Users\Ja\.jdks\corretto-17.0.13\bin\zip.dll
0x00007ffbe4450000 - 0x00007ffbe4474000 	C:\Users\Ja\AppData\Local\Temp\jansi-2.4.1-1b315eadad6337b4-jansi.dll
0x00007ffbed930000 - 0x00007ffbed940000 	C:\Users\Ja\.jdks\corretto-17.0.13\bin\verify.dll

dbghelp: loaded successfully - version: 4.0.5 - missing functions: none
symbol engine: initialized successfully - sym options: 0x614 - pdb path: .;C:\Users\Ja\.jdks\corretto-17.0.13\bin;C:\Windows\SYSTEM32;C:\Windows\WinSxS\amd64_microsoft.windows.common-controls_6595b64144ccf1df_6.0.19041.4355_none_60b8b9eb71f62e16;C:\Users\Ja\.jdks\corretto-17.0.13\bin\server;C:\Users\Ja\AppData\Local\Temp

VM Arguments:
jvm_args: -Dmaven.multiModuleProjectDirectory=C:\Users\Ja\IdeaProjects\tutorials\persistence-modules\RestHateoas -Djansi.passthrough=true -Dmaven.home=C:\Users\Ja\.m2\wrapper\dists\apache-maven-3.9.9-bin\4nf9hui3q3djbarqar9g711ggc\apache-maven-3.9.9 -Dclassworlds.conf=C:\Users\Ja\.m2\wrapper\dists\apache-maven-3.9.9-bin\4nf9hui3q3djbarqar9g711ggc\apache-maven-3.9.9\bin\m2.conf -Dmaven.ext.class.path=C:\Program Files\JetBrains\IntelliJ IDEA 2024.2.1\plugins\maven\lib\maven-event-listener.jar -Dfile.encoding=UTF-8 
java_command: org.codehaus.classworlds.Launcher -Didea.version=2024.2.1 -DskipTests=true install
java_class_path (initial): C:\Users\Ja\.m2\wrapper\dists\apache-maven-3.9.9-bin\4nf9hui3q3djbarqar9g711ggc\apache-maven-3.9.9\boot\plexus-classworlds-2.8.0.jar;C:\Users\Ja\.m2\wrapper\dists\apache-maven-3.9.9-bin\4nf9hui3q3djbarqar9g711ggc\apache-maven-3.9.9\boot\plexus-classworlds.license
Launcher Type: SUN_STANDARD

[Global flags]
     intx CICompilerCount                          = 4                                         {product} {ergonomic}
     uint ConcGCThreads                            = 2                                         {product} {ergonomic}
     uint G1ConcRefinementThreads                  = 8                                         {product} {ergonomic}
   size_t G1HeapRegionSize                         = 4194304                                   {product} {ergonomic}
    uintx GCDrainStackTargetSize                   = 64                                        {product} {ergonomic}
   size_t InitialHeapSize                          = 536870912                                 {product} {ergonomic}
   size_t MarkStackSize                            = 4194304                                   {product} {ergonomic}
   size_t MaxHeapSize                              = 8577351680                                {product} {ergonomic}
   size_t MaxNewSize                               = 5146411008                                {product} {ergonomic}
   size_t MinHeapDeltaBytes                        = 4194304                                   {product} {ergonomic}
   size_t MinHeapSize                              = 8388608                                   {product} {ergonomic}
    uintx NonNMethodCodeHeapSize                   = 5839372                                {pd product} {ergonomic}
    uintx NonProfiledCodeHeapSize                  = 122909434                              {pd product} {ergonomic}
    uintx ProfiledCodeHeapSize                     = 122909434                              {pd product} {ergonomic}
    uintx ReservedCodeCacheSize                    = 251658240                              {pd product} {ergonomic}
     bool SegmentedCodeCache                       = true                                      {product} {ergonomic}
   size_t SoftMaxHeapSize                          = 8577351680                             {manageable} {ergonomic}
     bool UseCompressedClassPointers               = true                           {product lp64_product} {ergonomic}
     bool UseCompressedOops                        = true                           {product lp64_product} {ergonomic}
     bool UseG1GC                                  = true                                      {product} {ergonomic}
     bool UseLargePagesIndividualAllocation        = false                                  {pd product} {ergonomic}

Logging:
Log output configuration:
 #0: stdout all=warning uptime,level,tags
 #1: stderr all=off uptime,level,tags

Environment Variables:
PATH=C:\Program Files\Common Files\Oracle\Java\javapath;C:\Program Files\Broadcom\Broadcom 802.11 Network Adapter;C:\Program Files (x86)\Intel\iCLS Client\;C:\Program Files\Intel\iCLS Client\;C:\Windows\system32;C:\Windows;C:\Windows\System32\Wbem;C:\Windows\System32\WindowsPowerShell\v1.0\;C:\Windows\System32\OpenSSH\;C:\Program Files (x86)\Intel\Intel(R) Management Engine Components\DAL;C:\Program Files\Intel\Intel(R) Management Engine Components\DAL;C:\Program Files (x86)\Intel\Intel(R) Management Engine Components\IPT;C:\Program Files\Intel\Intel(R) Management Engine Components\IPT;C:\Program Files (x86)\NVIDIA Corporation\PhysX\Common;C:\Program Files (x86)\Common Files\Acronis\SnapAPI\;C:\Program Files (x86)\Common Files\Acronis\VirtualFile\;C:\Program Files (x86)\Common Files\Acronis\VirtualFile64\;C:\Users\Ja\AppData\Local\Microsoft\WindowsApps;C:\adb;C:\Program Files\apache-maven-3.9.7\bin;C:\Program Files\Docker\Docker\resources\bin;C:\Program Files\Git\cmd;
USERNAME=Ja
OS=Windows_NT
PROCESSOR_IDENTIFIER=Intel64 Family 6 Model 62 Stepping 4, GenuineIntel
TMP=C:\Users\Ja\AppData\Local\Temp
TEMP=C:\Users\Ja\AppData\Local\Temp



Periodic native trim disabled


---------------  S Y S T E M  ---------------

OS:
 Windows 10 , 64 bit Build 19041 (10.0.19041.4957)
OS uptime: 0 days 21:56 hours
Hyper-V role detected

CPU: total 8 (initial active 8) (4 cores per cpu, 2 threads per core) family 6 model 62 stepping 4 microcode 0x42e, cx8, cmov, fxsr, ht, mmx, sse, sse2, sse3, ssse3, sse4.1, sse4.2, popcnt, tsc, tscinvbit, avx, aes, erms, clmul, vzeroupper, clflush, hv
Processor Information for all 8 processors :
  Max Mhz: 3600, Current Mhz: 3600, Mhz Limit: 3600

Memory: 4k page, system-wide physical 32706M (16305M free)
TotalPageFile size 56258M (AvailPageFile size 36608M)
current process WorkingSet (physical memory assigned to process): 295M, peak: 297M
current process commit charge ("private bytes"): 689M, peak: 694M

vm_info: OpenJDK 64-Bit Server VM (17.0.13+11-LTS) for windows-amd64 JRE (17.0.13+11-LTS), built on Oct 10 2024 19:51:30 by "Administrator" with MS VC++ 16.10 / 16.11 (VS2019)

END.
